app/mapping.txt
# compiler: R8
# compiler_version: 1.5.69
# min_api: 17
com.android.NBZxing.CusScanView -> com.android.NBZxing.CusScanView:
    java.util.HashMap _$_findViewCache -> s
    20:24:void <init>(android.content.Context,android.util.AttributeSet,int) -> <init>
    20:20:void <init>(android.content.Context,android.util.AttributeSet,int,int,kotlin.jvm.internal.DefaultConstructorMarker) -> <init>
    android.view.View _$_findCachedViewById(int) -> a
    27:28:void resultBack(java.lang.String) -> b
    47:50:void resultBackFile(java.lang.String) -> c
    43:44:void toParse(java.lang.String) -> d
    39:39:com.ailiwean.core.zxing.ScanTypeConfig getScanType() -> getScanType
    void _$_clearFindViewByIdCache() -> u
com.android.NBZxing.MainActivity -> com.android.NBZxing.MainActivity:
    18:18:void <init>() -> <init>
    64:71:void onActivityResult(int,int,android.content.Intent) -> onActivityResult
    20:29:void onCreate(android.os.Bundle) -> onCreate
    74:82:boolean checkPermissionRW() -> v
    33:61:void initView() -> w
    87:90:void requstPermissionRW() -> x
com.android.NBZxing.MainActivity$initView$1 -> com.android.NBZxing.MainActivity$a:
    com.android.NBZxing.MainActivity this$0 -> b
    40:41:void onClick(android.view.View) -> onClick
com.android.NBZxing.MainActivity$initView$2 -> com.android.NBZxing.MainActivity$b:
    com.android.NBZxing.MainActivity this$0 -> b
    46:60:void onClick(android.view.View) -> onClick
com.android.NBZxing.ZxingFragment$1 -> com.android.NBZxing.ZxingFragment$1:
    android.view.ViewGroup val$container -> s
    34:35:void resultBack(java.lang.String) -> b
com.android.NBZxing.CusScanView -> com.android.NBZxing.CusScanView:
    java.util.HashMap _$_findViewCache -> s
    android.view.View _$_findCachedViewById(int) -> a
    void resultBack(java.lang.String) -> b
    void resultBackFile(java.lang.String) -> c
    void toParse(java.lang.String) -> d
    void _$_clearFindViewByIdCache() -> q
com.android.NBZxing.MainActivity -> com.android.NBZxing.MainActivity:
    boolean checkPermissionRW() -> u
    void initView() -> v
    void requstPermissionRW() -> w
com.android.NBZxing.MainActivity$initView$1 -> com.android.NBZxing.MainActivity$a:
    com.android.NBZxing.MainActivity this$0 -> b
com.android.NBZxing.MainActivity$initView$2 -> com.android.NBZxing.MainActivity$b:
    com.android.NBZxing.MainActivity this$0 -> b
com.android.NBZxing.ZxingFragment$1 -> com.android.NBZxing.ZxingFragment$1:
    android.view.ViewGroup val$container -> s
    void resultBack(java.lang.String) -> b
...
=======
    boolean addFontWeightStyle(java.lang.Object,java.nio.ByteBuffer,int,int,boolean) -> a
    android.graphics.Typeface createFromFamiliesWithDefault(java.lang.Object) -> a
    android.graphics.Typeface createFromFontFamilyFilesResourceEntry(android.content.Context,androidx.core.content.res.FontResourcesParserCompat$FontFamilyFilesResourceEntry,android.content.res.Resources,int) -> a
    android.graphics.Typeface createFromFontInfo(android.content.Context,android.os.CancellationSignal,androidx.core.provider.FontsContractCompat$FontInfo[],int) -> a
    boolean isUsable() -> a
    java.lang.Object newFamily() -> b
androidx.core.graphics.TypefaceCompatApi26Impl -> a.d.e.f:
>>>>>>> aa6f0e32c96fae9fe1738afa8ffac7fee96b1a45
    java.lang.reflect.Method mFreeze -> k
    java.lang.reflect.Method mAbortCreation -> l
    java.lang.reflect.Method mCreateFromFamiliesWithDefault -> m
    java.lang.Class mFontFamily -> g
    java.lang.reflect.Constructor mFontFamilyCtor -> h
    java.lang.reflect.Method mAddFontFromAssetManager -> i
    java.lang.reflect.Method mAddFontFromBuffer -> j
<<<<<<< HEAD
    74:108:void <init>() -> <init>
    140:144:boolean addFontFromAssetManager(android.content.Context,java.lang.Object,java.lang.String,int,int,int,android.graphics.fonts.FontVariationAxis[]) -> a
    155:158:boolean addFontFromBuffer(java.lang.Object,java.nio.ByteBuffer,int,int,int) -> a
    169:174:android.graphics.Typeface createFromFamiliesWithDefault(java.lang.Object) -> a
    204:222:android.graphics.Typeface createFromFontFamilyFilesResourceEntry(android.content.Context,androidx.core.content.res.FontResourcesParserCompat$FontFamilyFilesResourceEntry,android.content.res.Resources,int) -> a
    230:282:android.graphics.Typeface createFromFontInfo(android.content.Context,android.os.CancellationSignal,androidx.core.provider.FontsContractCompat$FontInfo[],int) -> a
    292:308:android.graphics.Typeface createFromResourcesFontFile(android.content.Context,android.content.res.Resources,int,java.lang.String,int) -> a
    342:342:java.lang.reflect.Method obtainAbortCreationMethod(java.lang.Class) -> a
    127:129:java.lang.Object newFamily() -> b
    194:197:void abortCreation(java.lang.Object) -> b
    326:326:java.lang.reflect.Method obtainAddFontFromAssetManagerMethod(java.lang.Class) -> b
    114:118:boolean isFontFamilyPrivateAPIAvailable() -> c
    183:185:boolean freeze(java.lang.Object) -> c
    332:332:java.lang.reflect.Method obtainAddFontFromBufferMethod(java.lang.Class) -> c
    317:317:java.lang.Class obtainFontFamily() -> d
androidx.core.graphics.TypefaceCompatApi28Impl -> a.e.f.g:
    36:36:void <init>() -> <init>
    49:54:android.graphics.Typeface createFromFamiliesWithDefault(java.lang.Object) -> a
    61:65:java.lang.reflect.Method obtainCreateFromFamiliesWithDefaultMethod(java.lang.Class) -> d